#
# There is insufficient memory for the Java Runtime Environment to continue.
# Native memory allocation (malloc) failed to allocate 32744 bytes for ChunkPool::allocate
# Possible reasons:
#   The system is out of physical RAM or swap space
#   The process is running with CompressedOops enabled, and the Java Heap may be blocking the growth of the native heap
# Possible solutions:
#   Reduce memory load on the system
#   Increase physical memory or swap space
#   Check if swap backing store is full
#   Decrease Java heap size (-Xmx/-Xms)
#   Decrease number of Java threads
#   Decrease Java thread stack sizes (-Xss)
#   Set larger code cache with -XX:ReservedCodeCacheSize=
#   JVM is running with Zero Based Compressed Oops mode in which the Java heap is
#     placed in the first 32GB address space. The Java Heap base address is the
#     maximum limit for the native heap growth. Please use -XX:HeapBaseMinAddress
#     to set the Java Heap base and to place the Java Heap above 32GB virtual address.
# This output file may be truncated or incomplete.
#
#  Out of Memory Error (arena.cpp:78), pid=17328, tid=14028
#
# JRE version: OpenJDK Runtime Environment Temurin-17.0.8.1+1 (17.0.8.1+1) (build 17.0.8.1+1)
# Java VM: OpenJDK 64-Bit Server VM Temurin-17.0.8.1+1 (17.0.8.1+1, mixed mode, sharing, tiered, compressed oops, compressed class ptrs, g1 gc, windows-amd64)
# No core dump will be written. Minidumps are not enabled by default on client versions of Windows
#

---------------  S U M M A R Y ------------

Command Line: -javaagent:C:\Program Files\JetBrains\IntelliJ IDEA Community Edition 2023.2.2\lib\idea_rt.jar=49236:C:\Program Files\JetBrains\IntelliJ IDEA Community Edition 2023.2.2\bin -Dfile.encoding=UTF-8 com.mateco.reportgenerator.ReportGeneratorApplication

Host: AMD Ryzen 5 3500X 6-Core Processor             , 6 cores, 15G,  Windows 11 , 64 bit Build 22621 (10.0.22621.3672)
Time: Fri Jul  5 11:00:13 2024 E. South America Standard Time elapsed time: 228.452499 seconds (0d 0h 3m 48s)

---------------  T H R E A D  ---------------

Current thread (0x000002a59581eb10):  JavaThread "C2 CompilerThread0" daemon [_thread_in_native, id=14028, stack(0x000000b280800000,0x000000b280900000)]


Current CompileTask:
C2: 228452 15909   !   4       org.apache.catalina.core.StandardWrapperValve::invoke (2681 bytes)

Stack: [0x000000b280800000,0x000000b280900000]
Native frames: (J=compiled Java code, j=interpreted, Vv=VM code, C=native code)
V  [jvm.dll+0x678b0a]
V  [jvm.dll+0x835e84]
V  [jvm.dll+0x83762e]
V  [jvm.dll+0x837c93]
V  [jvm.dll+0x24746f]
V  [jvm.dll+0xac42c]
V  [jvm.dll+0xac7dc]
V  [jvm.dll+0x654d43]
V  [jvm.dll+0x341850]
V  [jvm.dll+0x33f2fe]
V  [jvm.dll+0x1a9070]
V  [jvm.dll+0x2ada14]
V  [jvm.dll+0x690e27]
V  [jvm.dll+0x688f1b]
V  [jvm.dll+0x688557]
V  [jvm.dll+0x686442]
V  [jvm.dll+0x1a859c]
V  [jvm.dll+0x218bd8]
V  [jvm.dll+0x1a534d]
V  [jvm.dll+0x228d8a]
V  [jvm.dll+0x226dcc]
V  [jvm.dll+0x7ec09b]
V  [jvm.dll+0x7e64ca]
V  [jvm.dll+0x677955]
C  [ucrtbase.dll+0x29333]
C  [KERNEL32.DLL+0x1257d]
C  [ntdll.dll+0x5af28]


---------------  P R O C E S S  ---------------

Threads class SMR info:
_java_thread_list=0x000002a5dd228310, length=32, elements={
0x000002a595703190, 0x000002a595704010, 0x000002a59581a300, 0x000002a59581aec0,
0x000002a59581d890, 0x000002a595820a30, 0x000002a59581eb10, 0x000002a5958216b0,
0x000002a59588f370, 0x000002a595926390, 0x000002a595926db0, 0x000002a5959281f0,
0x000002a595928c10, 0x000002a595928700, 0x000002a595927ce0, 0x000002a595925e80,
0x000002a5de5bc270, 0x000002a5de5ba410, 0x000002a5de5bb850, 0x000002a5de5b99f0,
0x000002a5de5beaf0, 0x000002a5de5ba920, 0x000002a5de5b9f00, 0x000002a5de5bcc90,
0x000002a5de5bae30, 0x000002a5de5bb340, 0x000002a5de5bbd60, 0x000002a5de5bd1a0,
0x000002a5de5bd6b0, 0x000002a5de5bdbc0, 0x000002a5de5b85b0, 0x000002a5de5b8ac0
}

Java Threads: ( => current thread )
  0x000002a595703190 JavaThread "Reference Handler" daemon [_thread_blocked, id=15148, stack(0x000000b280200000,0x000000b280300000)]
  0x000002a595704010 JavaThread "Finalizer" daemon [_thread_blocked, id=10256, stack(0x000000b280300000,0x000000b280400000)]
  0x000002a59581a300 JavaThread "Signal Dispatcher" daemon [_thread_blocked, id=1920, stack(0x000000b280400000,0x000000b280500000)]
  0x000002a59581aec0 JavaThread "Attach Listener" daemon [_thread_blocked, id=18720, stack(0x000000b280500000,0x000000b280600000)]
  0x000002a59581d890 JavaThread "Service Thread" daemon [_thread_blocked, id=20600, stack(0x000000b280600000,0x000000b280700000)]
  0x000002a595820a30 JavaThread "Monitor Deflation Thread" daemon [_thread_blocked, id=15532, stack(0x000000b280700000,0x000000b280800000)]
=>0x000002a59581eb10 JavaThread "C2 CompilerThread0" daemon [_thread_in_native, id=14028, stack(0x000000b280800000,0x000000b280900000)]
  0x000002a5958216b0 JavaThread "C1 CompilerThread0" daemon [_thread_blocked, id=15212, stack(0x000000b280900000,0x000000b280a00000)]
  0x000002a59588f370 JavaThread "Sweeper thread" daemon [_thread_blocked, id=19208, stack(0x000000b280a00000,0x000000b280b00000)]
  0x000002a595926390 JavaThread "Common-Cleaner" daemon [_thread_blocked, id=6508, stack(0x000000b280b00000,0x000000b280c00000)]
  0x000002a595926db0 JavaThread "Monitor Ctrl-Break" daemon [_thread_in_native, id=1384, stack(0x000000b280d00000,0x000000b280e00000)]
  0x000002a5959281f0 JavaThread "Notification Thread" daemon [_thread_blocked, id=10260, stack(0x000000b280e00000,0x000000b280f00000)]
  0x000002a595928c10 JavaThread "PostgreSQL-JDBC-Cleaner" daemon [_thread_blocked, id=9744, stack(0x000000b281a00000,0x000000b281b00000)]
  0x000002a595928700 JavaThread "HikariPool-1 housekeeper" daemon [_thread_blocked, id=17100, stack(0x000000b281b00000,0x000000b281c00000)]
  0x000002a595927ce0 JavaThread "Catalina-utility-1" [_thread_blocked, id=11992, stack(0x000000b281d00000,0x000000b281e00000)]
  0x000002a595925e80 JavaThread "Catalina-utility-2" [_thread_blocked, id=4796, stack(0x000000b281e00000,0x000000b281f00000)]
  0x000002a5de5bc270 JavaThread "container-0" [_thread_blocked, id=12160, stack(0x000000b281f00000,0x000000b282000000)]
  0x000002a5de5ba410 JavaThread "File Watcher" daemon [_thread_blocked, id=4496, stack(0x000000b282000000,0x000000b282100000)]
  0x000002a5de5bb850 JavaThread "Live Reload Server" daemon [_thread_in_native, id=14612, stack(0x000000b282200000,0x000000b282300000)]
  0x000002a5de5b99f0 JavaThread "http-nio-8080-exec-1" daemon [_thread_blocked, id=20380, stack(0x000000b282100000,0x000000b282200000)]
  0x000002a5de5beaf0 JavaThread "http-nio-8080-exec-2" daemon [_thread_blocked, id=12140, stack(0x000000b282300000,0x000000b282400000)]
  0x000002a5de5ba920 JavaThread "http-nio-8080-exec-3" daemon [_thread_blocked, id=11972, stack(0x000000b282400000,0x000000b282500000)]
  0x000002a5de5b9f00 JavaThread "http-nio-8080-exec-4" daemon [_thread_blocked, id=2920, stack(0x000000b282500000,0x000000b282600000)]
  0x000002a5de5bcc90 JavaThread "http-nio-8080-exec-5" daemon [_thread_blocked, id=13588, stack(0x000000b282600000,0x000000b282700000)]
  0x000002a5de5bae30 JavaThread "http-nio-8080-exec-6" daemon [_thread_blocked, id=18056, stack(0x000000b282700000,0x000000b282800000)]
  0x000002a5de5bb340 JavaThread "http-nio-8080-exec-7" daemon [_thread_blocked, id=15268, stack(0x000000b282800000,0x000000b282900000)]
  0x000002a5de5bbd60 JavaThread "http-nio-8080-exec-8" daemon [_thread_blocked, id=19660, stack(0x000000b282900000,0x000000b282a00000)]
  0x000002a5de5bd1a0 JavaThread "http-nio-8080-exec-9" daemon [_thread_blocked, id=10320, stack(0x000000b282a00000,0x000000b282b00000)]
  0x000002a5de5bd6b0 JavaThread "http-nio-8080-exec-10" daemon [_thread_blocked, id=18480, stack(0x000000b282b00000,0x000000b282c00000)]
  0x000002a5de5bdbc0 JavaThread "http-nio-8080-Poller" daemon [_thread_in_native, id=19564, stack(0x000000b282c00000,0x000000b282d00000)]
  0x000002a5de5b85b0 JavaThread "http-nio-8080-Acceptor" daemon [_thread_in_native, id=5516, stack(0x000000b282d00000,0x000000b282e00000)]
  0x000002a5de5b8ac0 JavaThread "DestroyJavaVM" [_thread_blocked, id=10996, stack(0x000000b2ffb00000,0x000000b2ffc00000)]

Other Threads:
  0x000002a5956fede0 VMThread "VM Thread" [stack: 0x000000b280100000,0x000000b280200000] [id=14032]
  0x000002a595c0ed30 WatcherThread [stack: 0x000000b280f00000,0x000000b281000000] [id=12368]
  0x000002a5f0b98960 GCTaskThread "GC Thread#0" [stack: 0x000000b2ffc00000,0x000000b2ffd00000] [id=2608]
  0x000002a5db68a850 GCTaskThread "GC Thread#1" [stack: 0x000000b281000000,0x000000b281100000] [id=13648]
  0x000002a5db6e49e0 GCTaskThread "GC Thread#2" [stack: 0x000000b281100000,0x000000b281200000] [id=19412]
  0x000002a5db6e4ca0 GCTaskThread "GC Thread#3" [stack: 0x000000b281200000,0x000000b281300000] [id=20228]
  0x000002a5db6e4f60 GCTaskThread "GC Thread#4" [stack: 0x000000b281300000,0x000000b281400000] [id=19520]
  0x000002a5db6e5220 GCTaskThread "GC Thread#5" [stack: 0x000000b281400000,0x000000b281500000] [id=12572]
  0x000002a5f0ba90b0 ConcurrentGCThread "G1 Main Marker" [stack: 0x000000b2ffd00000,0x000000b2ffe00000] [id=12796]
  0x000002a5f0ba99d0 ConcurrentGCThread "G1 Conc#0" [stack: 0x000000b2ffe00000,0x000000b2fff00000] [id=7392]
  0x000002a5dbb5d5d0 ConcurrentGCThread "G1 Conc#1" [stack: 0x000000b281700000,0x000000b281800000] [id=20128]
  0x000002a5955b90b0 ConcurrentGCThread "G1 Refine#0" [stack: 0x000000b2fff00000,0x000000b300000000] [id=6296]
  0x000002a5dc025540 ConcurrentGCThread "G1 Refine#1" [stack: 0x000000b281800000,0x000000b281900000] [id=9316]
  0x000002a5955b98f0 ConcurrentGCThread "G1 Service" [stack: 0x000000b280000000,0x000000b280100000] [id=20512]

Threads with active compile tasks:
C2 CompilerThread0   228480 15909   !   4       org.apache.catalina.core.StandardWrapperValve::invoke (2681 bytes)

VM state: not at safepoint (normal execution)

VM Mutex/Monitor currently owned by a thread: None

Heap address: 0x0000000701200000, size: 4078 MB, Compressed Oops mode: Zero based, Oop shift amount: 3

CDS archive(s) mapped at: [0x000002a596000000-0x000002a596bd0000-0x000002a596bd0000), size 12386304, SharedBaseAddress: 0x000002a596000000, ArchiveRelocationMode: 1.
Compressed class space mapped at: 0x000002a597000000-0x000002a5d7000000, reserved size: 1073741824
Narrow klass base: 0x000002a596000000, Narrow klass shift: 0, Narrow klass range: 0x100000000

GC Precious Log:
 CPUs: 6 total, 6 available
 Memory: 16306M
 Large Page Support: Disabled
 NUMA Support: Disabled
 Compressed Oops: Enabled (Zero based)
 Heap Region Size: 2M
 Heap Min Capacity: 8M
 Heap Initial Capacity: 256M
 Heap Max Capacity: 4078M
 Pre-touch: Disabled
 Parallel Workers: 6
 Concurrent Workers: 2
 Concurrent Refinement Workers: 6
 Periodic GC: Disabled

Heap:
 garbage-first heap   total 192512K, used 145937K [0x0000000701200000, 0x0000000800000000)
  region size 2048K, 52 young (106496K), 1 survivors (2048K)
 Metaspace       used 82783K, committed 83392K, reserved 1179648K
  class space    used 10948K, committed 11264K, reserved 1048576K

Heap Regions: E=young(eden), S=young(survivor), O=old, HS=humongous(starts), HC=humongous(continues), CS=collection set, F=free, OA=open archive, CA=closed archive, TAMS=top-at-mark-start (previous, next)
|   0|0x0000000701200000, 0x0000000701400000, 0x0000000701400000|100%| O|  |TAMS 0x0000000701400000, 0x0000000701200000| Untracked 
|   1|0x0000000701400000, 0x0000000701600000, 0x0000000701600000|100%| O|  |TAMS 0x0000000701600000, 0x0000000701400000| Untracked 
|   2|0x0000000701600000, 0x0000000701800000, 0x0000000701800000|100%| O|  |TAMS 0x0000000701800000, 0x0000000701600000| Untracked 
|   3|0x0000000701800000, 0x0000000701a00000, 0x0000000701a00000|100%| O|  |TAMS 0x0000000701a00000, 0x0000000701800000| Untracked 
|   4|0x0000000701a00000, 0x0000000701c00000, 0x0000000701c00000|100%| O|  |TAMS 0x0000000701c00000, 0x0000000701a00000| Untracked 
|   5|0x0000000701c00000, 0x0000000701e00000, 0x0000000701e00000|100%| O|  |TAMS 0x0000000701e00000, 0x0000000701c00000| Untracked 
|   6|0x0000000701e00000, 0x0000000702000000, 0x0000000702000000|100%| O|  |TAMS 0x0000000702000000, 0x0000000701e00000| Untracked 
|   7|0x0000000702000000, 0x0000000702200000, 0x0000000702200000|100%| O|  |TAMS 0x0000000702200000, 0x0000000702000000| Untracked 
|   8|0x0000000702200000, 0x0000000702400000, 0x0000000702400000|100%| O|  |TAMS 0x0000000702400000, 0x0000000702200000| Untracked 
|   9|0x0000000702400000, 0x0000000702600000, 0x0000000702600000|100%| O|  |TAMS 0x0000000702400000, 0x0000000702400000| Untracked 
|  10|0x0000000702600000, 0x0000000702800000, 0x0000000702800000|100%| O|  |TAMS 0x0000000702800000, 0x0000000702600000| Untracked 
|  11|0x0000000702800000, 0x0000000702a00000, 0x0000000702a00000|100%| O|  |TAMS 0x0000000702a00000, 0x0000000702800000| Untracked 
|  12|0x0000000702a00000, 0x0000000702c00000, 0x0000000702c00000|100%| O|  |TAMS 0x0000000702c00000, 0x0000000702a00000| Untracked 
|  13|0x0000000702c00000, 0x0000000702e00000, 0x0000000702e00000|100%| O|  |TAMS 0x0000000702e00000, 0x0000000702c00000| Untracked 
|  14|0x0000000702e00000, 0x0000000703000000, 0x0000000703000000|100%| O|  |TAMS 0x0000000703000000, 0x0000000702e00000| Untracked 
|  15|0x0000000703000000, 0x0000000703200000, 0x0000000703200000|100%| O|  |TAMS 0x0000000703200000, 0x0000000703000000| Untracked 
|  16|0x0000000703200000, 0x0000000703400000, 0x0000000703400000|100%| O|  |TAMS 0x000000070336da00, 0x0000000703200000| Untracked 
|  17|0x0000000703400000, 0x0000000703600000, 0x0000000703600000|100%| O|  |TAMS 0x0000000703400000, 0x0000000703400000| Untracked 
|  18|0x0000000703600000, 0x0000000703800000, 0x0000000703800000|100%| O|  |TAMS 0x0000000703600000, 0x0000000703600000| Untracked 
|  19|0x0000000703800000, 0x0000000703a00000, 0x0000000703a00000|100%| O|  |TAMS 0x0000000703800000, 0x0000000703800000| Untracked 
|  20|0x0000000703a00000, 0x0000000703c00000, 0x0000000703c00000|100%| O|  |TAMS 0x0000000703a00000, 0x0000000703a00000| Untracked 
|  21|0x0000000703c00000, 0x0000000703c77400, 0x0000000703e00000| 23%| O|  |TAMS 0x0000000703c00000, 0x0000000703c00000| Untracked 
|  22|0x0000000703e00000, 0x0000000703e00000, 0x0000000704000000|  0%| F|  |TAMS 0x0000000703e00000, 0x0000000703e00000| Untracked 
|  23|0x0000000704000000, 0x0000000704000000, 0x0000000704200000|  0%| F|  |TAMS 0x0000000704000000, 0x0000000704000000| Untracked 
|  24|0x0000000704200000, 0x0000000704200000, 0x0000000704400000|  0%| F|  |TAMS 0x0000000704200000, 0x0000000704200000| Untracked 
|  25|0x0000000704400000, 0x0000000704400000, 0x0000000704600000|  0%| F|  |TAMS 0x0000000704400000, 0x0000000704400000| Untracked 
|  26|0x0000000704600000, 0x0000000704600000, 0x0000000704800000|  0%| F|  |TAMS 0x0000000704600000, 0x0000000704600000| Untracked 
|  27|0x0000000704800000, 0x0000000704800000, 0x0000000704a00000|  0%| F|  |TAMS 0x0000000704800000, 0x0000000704800000| Untracked 
|  28|0x0000000704a00000, 0x0000000704a00000, 0x0000000704c00000|  0%| F|  |TAMS 0x0000000704a00000, 0x0000000704a00000| Untracked 
|  29|0x0000000704c00000, 0x0000000704c00000, 0x0000000704e00000|  0%| F|  |TAMS 0x0000000704c00000, 0x0000000704c00000| Untracked 
|  30|0x0000000704e00000, 0x0000000704e00000, 0x0000000705000000|  0%| F|  |TAMS 0x0000000704e00000, 0x0000000704e00000| Untracked 
|  31|0x0000000705000000, 0x0000000705000000, 0x0000000705200000|  0%| F|  |TAMS 0x0000000705000000, 0x0000000705000000| Untracked 
|  32|0x0000000705200000, 0x0000000705200000, 0x0000000705400000|  0%| F|  |TAMS 0x0000000705200000, 0x0000000705200000| Untracked 
|  33|0x0000000705400000, 0x0000000705400000, 0x0000000705600000|  0%| F|  |TAMS 0x0000000705400000, 0x0000000705400000| Untracked 
|  34|0x0000000705600000, 0x0000000705600000, 0x0000000705800000|  0%| F|  |TAMS 0x0000000705600000, 0x0000000705600000| Untracked 
|  35|0x0000000705800000, 0x0000000705800000, 0x0000000705a00000|  0%| F|  |TAMS 0x0000000705800000, 0x0000000705800000| Untracked 
|  36|0x0000000705a00000, 0x0000000705a00000, 0x0000000705c00000|  0%| F|  |TAMS 0x0000000705a00000, 0x0000000705a00000| Untracked 
|  37|0x0000000705c00000, 0x0000000705c00000, 0x0000000705e00000|  0%| F|  |TAMS 0x0000000705c00000, 0x0000000705c00000| Untracked 
|  38|0x0000000705e00000, 0x0000000705e0d3c0, 0x0000000706000000|  2%| S|CS|TAMS 0x0000000705e00000, 0x0000000705e00000| Complete 
|  39|0x0000000706000000, 0x0000000706000000, 0x0000000706200000|  0%| F|  |TAMS 0x0000000706000000, 0x0000000706000000| Untracked 
|  40|0x0000000706200000, 0x0000000706200000, 0x0000000706400000|  0%| F|  |TAMS 0x0000000706200000, 0x0000000706200000| Untracked 
|  41|0x0000000706400000, 0x0000000706400000, 0x0000000706600000|  0%| F|  |TAMS 0x0000000706400000, 0x0000000706400000| Untracked 
|  42|0x0000000706600000, 0x0000000706600000, 0x0000000706800000|  0%| F|  |TAMS 0x0000000706600000, 0x0000000706600000| Untracked 
|  43|0x0000000706800000, 0x000000070691dbc8, 0x0000000706a00000| 55%| E|  |TAMS 0x0000000706800000, 0x0000000706800000| Complete 
|  44|0x0000000706a00000, 0x0000000706c00000, 0x0000000706c00000|100%| E|CS|TAMS 0x0000000706a00000, 0x0000000706a00000| Complete 
|  45|0x0000000706c00000, 0x0000000706e00000, 0x0000000706e00000|100%| E|CS|TAMS 0x0000000706c00000, 0x0000000706c00000| Complete 
|  46|0x0000000706e00000, 0x0000000707000000, 0x0000000707000000|100%| E|CS|TAMS 0x0000000706e00000, 0x0000000706e00000| Complete 
|  47|0x0000000707000000, 0x0000000707200000, 0x0000000707200000|100%| E|CS|TAMS 0x0000000707000000, 0x0000000707000000| Complete 
|  48|0x0000000707200000, 0x0000000707400000, 0x0000000707400000|100%| E|CS|TAMS 0x0000000707200000, 0x0000000707200000| Complete 
|  49|0x0000000707400000, 0x0000000707600000, 0x0000000707600000|100%| E|CS|TAMS 0x0000000707400000, 0x0000000707400000| Complete 
|  50|0x0000000707600000, 0x0000000707800000, 0x0000000707800000|100%| E|CS|TAMS 0x0000000707600000, 0x0000000707600000| Complete 
|  51|0x0000000707800000, 0x0000000707a00000, 0x0000000707a00000|100%| E|CS|TAMS 0x0000000707800000, 0x0000000707800000| Complete 
|  52|0x0000000707a00000, 0x0000000707c00000, 0x0000000707c00000|100%| E|CS|TAMS 0x0000000707a00000, 0x0000000707a00000| Complete 
|  53|0x0000000707c00000, 0x0000000707e00000, 0x0000000707e00000|100%| E|CS|TAMS 0x0000000707c00000, 0x0000000707c00000| Complete 
|  54|0x0000000707e00000, 0x0000000708000000, 0x0000000708000000|100%| E|CS|TAMS 0x0000000707e00000, 0x0000000707e00000| Complete 
|  55|0x0000000708000000, 0x0000000708200000, 0x0000000708200000|100%| E|CS|TAMS 0x0000000708000000, 0x0000000708000000| Complete 
|  56|0x0000000708200000, 0x0000000708400000, 0x0000000708400000|100%| E|CS|TAMS 0x0000000708200000, 0x0000000708200000| Complete 
|  57|0x0000000708400000, 0x0000000708600000, 0x0000000708600000|100%| E|CS|TAMS 0x0000000708400000, 0x0000000708400000| Complete 
|  58|0x0000000708600000, 0x0000000708800000, 0x0000000708800000|100%| E|CS|TAMS 0x0000000708600000, 0x0000000708600000| Complete 
|  59|0x0000000708800000, 0x0000000708a00000, 0x0000000708a00000|100%| E|CS|TAMS 0x0000000708800000, 0x0000000708800000| Complete 
|  60|0x0000000708a00000, 0x0000000708c00000, 0x0000000708c00000|100%| E|CS|TAMS 0x0000000708a00000, 0x0000000708a00000| Complete 
|  61|0x0000000708c00000, 0x0000000708e00000, 0x0000000708e00000|100%| E|CS|TAMS 0x0000000708c00000, 0x0000000708c00000| Complete 
|  62|0x0000000708e00000, 0x0000000709000000, 0x0000000709000000|100%| E|CS|TAMS 0x0000000708e00000, 0x0000000708e00000| Complete 
|  63|0x0000000709000000, 0x0000000709200000, 0x0000000709200000|100%| E|CS|TAMS 0x0000000709000000, 0x0000000709000000| Complete 
|  64|0x0000000709200000, 0x0000000709400000, 0x0000000709400000|100%| E|CS|TAMS 0x0000000709200000, 0x0000000709200000| Complete 
|  65|0x0000000709400000, 0x0000000709600000, 0x0000000709600000|100%| E|CS|TAMS 0x0000000709400000, 0x0000000709400000| Complete 
|  66|0x0000000709600000, 0x0000000709800000, 0x0000000709800000|100%| E|CS|TAMS 0x0000000709600000, 0x0000000709600000| Complete 
|  67|0x0000000709800000, 0x0000000709a00000, 0x0000000709a00000|100%| E|CS|TAMS 0x0000000709800000, 0x0000000709800000| Complete 
|  68|0x0000000709a00000, 0x0000000709c00000, 0x0000000709c00000|100%| E|CS|TAMS 0x0000000709a00000, 0x0000000709a00000| Complete 
|  69|0x0000000709c00000, 0x0000000709e00000, 0x0000000709e00000|100%| E|CS|TAMS 0x0000000709c00000, 0x0000000709c00000| Complete 
|  70|0x0000000709e00000, 0x000000070a000000, 0x000000070a000000|100%| E|CS|TAMS 0x0000000709e00000, 0x0000000709e00000| Complete 
|  71|0x000000070a000000, 0x000000070a200000, 0x000000070a200000|100%| E|CS|TAMS 0x000000070a000000, 0x000000070a000000| Complete 
|  72|0x000000070a200000, 0x000000070a400000, 0x000000070a400000|100%| E|CS|TAMS 0x000000070a200000, 0x000000070a200000| Complete 
|  73|0x000000070a400000, 0x000000070a600000, 0x000000070a600000|100%| E|CS|TAMS 0x000000070a400000, 0x000000070a400000| Complete 
|  74|0x000000070a600000, 0x000000070a800000, 0x000000070a800000|100%| E|CS|TAMS 0x000000070a600000, 0x000000070a600000| Complete 
|  75|0x000000070a800000, 0x000000070aa00000, 0x000000070aa00000|100%| E|CS|TAMS 0x000000070a800000, 0x000000070a800000| Complete 
|  76|0x000000070aa00000, 0x000000070ac00000, 0x000000070ac00000|100%| E|CS|TAMS 0x000000070aa00000, 0x000000070aa00000| Complete 
|  77|0x000000070ac00000, 0x000000070ae00000, 0x000000070ae00000|100%| E|CS|TAMS 0x000000070ac00000, 0x000000070ac00000| Complete 
|  78|0x000000070ae00000, 0x000000070b000000, 0x000000070b000000|100%| E|CS|TAMS 0x000000070ae00000, 0x000000070ae00000| Complete 
|  79|0x000000070b000000, 0x000000070b200000, 0x000000070b200000|100%| E|CS|TAMS 0x000000070b000000, 0x000000070b000000| Complete 
|  80|0x000000070b200000, 0x000000070b400000, 0x000000070b400000|100%| E|CS|TAMS 0x000000070b200000, 0x000000070b200000| Complete 
|  81|0x000000070b400000, 0x000000070b600000, 0x000000070b600000|100%| E|CS|TAMS 0x000000070b400000, 0x000000070b400000| Complete 
|  82|0x000000070b600000, 0x000000070b800000, 0x000000070b800000|100%| E|CS|TAMS 0x000000070b600000, 0x000000070b600000| Complete 
|  83|0x000000070b800000, 0x000000070ba00000, 0x000000070ba00000|100%| E|CS|TAMS 0x000000070b800000, 0x000000070b800000| Complete 
|  84|0x000000070ba00000, 0x000000070bc00000, 0x000000070bc00000|100%| E|CS|TAMS 0x000000070ba00000, 0x000000070ba00000| Complete 
|  85|0x000000070bc00000, 0x000000070be00000, 0x000000070be00000|100%| E|CS|TAMS 0x000000070bc00000, 0x000000070bc00000| Complete 
|  86|0x000000070be00000, 0x000000070c000000, 0x000000070c000000|100%| E|CS|TAMS 0x000000070be00000, 0x000000070be00000| Complete 
|  87|0x000000070c000000, 0x000000070c200000, 0x000000070c200000|100%| E|CS|TAMS 0x000000070c000000, 0x000000070c000000| Complete 
|  88|0x000000070c200000, 0x000000070c400000, 0x000000070c400000|100%| E|CS|TAMS 0x000000070c200000, 0x000000070c200000| Complete 
|  89|0x000000070c400000, 0x000000070c600000, 0x000000070c600000|100%| E|CS|TAMS 0x000000070c400000, 0x000000070c400000| Complete 
|  90|0x000000070c600000, 0x000000070c800000, 0x000000070c800000|100%| E|CS|TAMS 0x000000070c600000, 0x000000070c600000| Complete 
|  91|0x000000070c800000, 0x000000070ca00000, 0x000000070ca00000|100%| E|CS|TAMS 0x000000070c800000, 0x000000070c800000| Complete 
|  92|0x000000070ca00000, 0x000000070cc00000, 0x000000070cc00000|100%| E|CS|TAMS 0x000000070ca00000, 0x000000070ca00000| Complete 
| 127|0x0000000711000000, 0x0000000711200000, 0x0000000711200000|100%| E|CS|TAMS 0x0000000711000000, 0x0000000711000000| Complete 

Card table byte_map: [0x000002a5fae20000,0x000002a5fb620000] _byte_map_base: 0x000002a5f7617000

Marking Bits (Prev, Next): (CMBitMap*) 0x000002a5f0a0e800, (CMBitMap*) 0x000002a5f0a0e840
 Prev Bits: [0x000002a5fbe20000, 0x000002a5ffdd8000)
 Next Bits: [0x000002a58f000000, 0x000002a592fb8000)

Polling page: 0x000002a5f9db0000

Metaspace:

Usage:
  Non-class:     70.15 MB used.
      Class:     10.69 MB used.
       Both:     80.84 MB used.

Virtual space:
  Non-class space:      128.00 MB reserved,      70.44 MB ( 55%) committed,  2 nodes.
      Class space:        1.00 GB reserved,      11.00 MB (  1%) committed,  1 nodes.
             Both:        1.12 GB reserved,      81.44 MB (  7%) committed. 

Chunk freelists:
   Non-Class:  8.69 MB
       Class:  5.01 MB
        Both:  13.70 MB

MaxMetaspaceSize: unlimited
CompressedClassSpaceSize: 1.00 GB
Initial GC threshold: 21.00 MB
Current GC threshold: 109.31 MB
CDS: on
MetaspaceReclaimPolicy: balanced
 - commit_granule_bytes: 65536.
 - commit_granule_words: 8192.
 - virtual_space_node_default_size: 8388608.
 - enlarge_chunks_in_place: 1.
 - new_chunks_are_fully_committed: 0.
 - uncommit_free_chunks: 1.
 - use_allocation_guard: 0.
 - handle_deallocations: 1.


Internal statistics:

num_allocs_failed_limit: 12.
num_arena_births: 956.
num_arena_deaths: 0.
num_vsnodes_births: 3.
num_vsnodes_deaths: 0.
num_space_committed: 1303.
num_space_uncommitted: 0.
num_chunks_returned_to_freelist: 12.
num_chunks_taken_from_freelist: 4119.
num_chunk_merges: 9.
num_chunk_splits: 2915.
num_chunks_enlarged: 2230.
num_inconsistent_stats: 0.

CodeHeap 'non-profiled nmethods': size=120000Kb used=14077Kb max_used=14077Kb free=105922Kb
 bounds [0x000002a587ad0000, 0x000002a588890000, 0x000002a58f000000]
CodeHeap 'profiled nmethods': size=120000Kb used=20438Kb max_used=25701Kb free=99562Kb
 bounds [0x000002a580000000, 0x000002a581960000, 0x000002a587530000]
CodeHeap 'non-nmethods': size=5760Kb used=1356Kb max_used=1419Kb free=4404Kb
 bounds [0x000002a587530000, 0x000002a5877a0000, 0x000002a587ad0000]
 total_blobs=12742 nmethods=12049 adapters=604
 compilation: enabled
              stopped_count=0, restarted_count=0
 full_count=0

Compilation events (20 events):
Event: 226.916 Thread 0x000002a5958216b0 nmethod 15899 0x000002a581084790 code [0x000002a581084c40, 0x000002a581087688]
Event: 226.916 Thread 0x000002a5958216b0 15900       3       org.apache.coyote.AbstractProtocol$ConnectionHandler::release (14 bytes)
Event: 226.917 Thread 0x000002a5958216b0 nmethod 15900 0x000002a580eb3890 code [0x000002a580eb3b40, 0x000002a580eb4ad8]
Event: 226.917 Thread 0x000002a5958216b0 15901       3       org.apache.tomcat.util.net.AbstractEndpoint::countDownConnection (56 bytes)
Event: 226.917 Thread 0x000002a5958216b0 nmethod 15901 0x000002a58096f690 code [0x000002a58096f8a0, 0x000002a58096fde8]
Event: 226.919 Thread 0x000002a5958216b0 15902       3       sun.nio.ch.WEPollSelectorImpl::implDereg (98 bytes)
Event: 226.919 Thread 0x000002a5958216b0 nmethod 15902 0x000002a58001c290 code [0x000002a58001c4a0, 0x000002a58001cbc8]
Event: 226.919 Thread 0x000002a5958216b0 15903   !   3       java.nio.channels.spi.AbstractSelectableChannel::removeKey (71 bytes)
Event: 226.920 Thread 0x000002a5958216b0 nmethod 15903 0x000002a580b79410 code [0x000002a580b795e0, 0x000002a580b79c78]
Event: 226.920 Thread 0x000002a5958216b0 15904       3       java.nio.channels.spi.AbstractSelectionKey::invalidate (6 bytes)
Event: 226.920 Thread 0x000002a5958216b0 nmethod 15904 0x000002a580e63610 code [0x000002a580e637a0, 0x000002a580e638b8]
Event: 226.920 Thread 0x000002a5958216b0 15905       3       java.nio.channels.spi.AbstractInterruptibleChannel::end (53 bytes)
Event: 226.921 Thread 0x000002a5958216b0 nmethod 15905 0x000002a5802b7810 code [0x000002a5802b7a00, 0x000002a5802b7f28]
Event: 226.921 Thread 0x000002a5958216b0 15907       3       java.nio.channels.spi.AbstractInterruptibleChannel::begin (48 bytes)
Event: 226.921 Thread 0x000002a5958216b0 nmethod 15907 0x000002a580f06c10 code [0x000002a580f06e00, 0x000002a580f07498]
Event: 226.921 Thread 0x000002a5958216b0 15906   !   3       sun.nio.ch.SocketAdaptor::create (27 bytes)
Event: 226.921 Thread 0x000002a5958216b0 nmethod 15906 0x000002a580907010 code [0x000002a580907240, 0x000002a5809079e8]
Event: 226.926 Thread 0x000002a5958216b0 15908       3       org.apache.tomcat.util.net.NioEndpoint$NioSocketWrapper::populateRemoteAddr (36 bytes)
Event: 226.926 Thread 0x000002a5958216b0 nmethod 15908 0x000002a58099b810 code [0x000002a58099b9e0, 0x000002a58099bfc8]
Event: 228.444 Thread 0x000002a59581eb10 15909   !   4       org.apache.catalina.core.StandardWrapperValve::invoke (2681 bytes)

GC Heap History (20 events):
Event: 202.780 GC heap before
{Heap before GC invocations=47 (full 0):
 garbage-first heap   total 192512K, used 156157K [0x0000000701200000, 0x0000000800000000)
  region size 2048K, 56 young (114688K), 1 survivors (2048K)
 Metaspace       used 82698K, committed 83328K, reserved 1179648K
  class space    used 10948K, committed 11264K, reserved 1048576K
}
Event: 202.781 GC heap after
{Heap after GC invocations=48 (full 0):
 garbage-first heap   total 192512K, used 43523K [0x0000000701200000, 0x0000000800000000)
  region size 2048K, 1 young (2048K), 1 survivors (2048K)
 Metaspace       used 82698K, committed 83328K, reserved 1179648K
  class space    used 10948K, committed 11264K, reserved 1048576K
}
Event: 204.278 GC heap before
{Heap before GC invocations=48 (full 0):
 garbage-first heap   total 192512K, used 156163K [0x0000000701200000, 0x0000000800000000)
  region size 2048K, 56 young (114688K), 1 survivors (2048K)
 Metaspace       used 82725K, committed 83392K, reserved 1179648K
  class space    used 10948K, committed 11264K, reserved 1048576K
}
Event: 204.279 GC heap after
{Heap after GC invocations=49 (full 0):
 garbage-first heap   total 192512K, used 43602K [0x0000000701200000, 0x0000000800000000)
  region size 2048K, 1 young (2048K), 1 survivors (2048K)
 Metaspace       used 82725K, committed 83392K, reserved 1179648K
  class space    used 10948K, committed 11264K, reserved 1048576K
}
Event: 205.365 GC heap before
{Heap before GC invocations=49 (full 0):
 garbage-first heap   total 192512K, used 156242K [0x0000000701200000, 0x0000000800000000)
  region size 2048K, 56 young (114688K), 1 survivors (2048K)
 Metaspace       used 82734K, committed 83392K, reserved 1179648K
  class space    used 10948K, committed 11264K, reserved 1048576K
}
Event: 205.367 GC heap after
{Heap after GC invocations=50 (full 0):
 garbage-first heap   total 192512K, used 43510K [0x0000000701200000, 0x0000000800000000)
  region size 2048K, 1 young (2048K), 1 survivors (2048K)
 Metaspace       used 82734K, committed 83392K, reserved 1179648K
  class space    used 10948K, committed 11264K, reserved 1048576K
}
Event: 206.823 GC heap before
{Heap before GC invocations=50 (full 0):
 garbage-first heap   total 192512K, used 156150K [0x0000000701200000, 0x0000000800000000)
  region size 2048K, 56 young (114688K), 1 survivors (2048K)
 Metaspace       used 82739K, committed 83392K, reserved 1179648K
  class space    used 10948K, committed 11264K, reserved 1048576K
}
Event: 206.824 GC heap after
{Heap after GC invocations=51 (full 0):
 garbage-first heap   total 192512K, used 43522K [0x0000000701200000, 0x0000000800000000)
  region size 2048K, 1 young (2048K), 1 survivors (2048K)
 Metaspace       used 82739K, committed 83392K, reserved 1179648K
  class space    used 10948K, committed 11264K, reserved 1048576K
}
Event: 210.560 GC heap before
{Heap before GC invocations=51 (full 0):
 garbage-first heap   total 192512K, used 156162K [0x0000000701200000, 0x0000000800000000)
  region size 2048K, 56 young (114688K), 1 survivors (2048K)
 Metaspace       used 82739K, committed 83392K, reserved 1179648K
  class space    used 10948K, committed 11264K, reserved 1048576K
}
Event: 210.560 GC heap after
{Heap after GC invocations=52 (full 0):
 garbage-first heap   total 192512K, used 43580K [0x0000000701200000, 0x0000000800000000)
  region size 2048K, 1 young (2048K), 1 survivors (2048K)
 Metaspace       used 82739K, committed 83392K, reserved 1179648K
  class space    used 10948K, committed 11264K, reserved 1048576K
}
Event: 211.691 GC heap before
{Heap before GC invocations=52 (full 0):
 garbage-first heap   total 192512K, used 156220K [0x0000000701200000, 0x0000000800000000)
  region size 2048K, 56 young (114688K), 1 survivors (2048K)
 Metaspace       used 82744K, committed 83392K, reserved 1179648K
  class space    used 10948K, committed 11264K, reserved 1048576K
}
Event: 211.692 GC heap after
{Heap after GC invocations=53 (full 0):
 garbage-first heap   total 192512K, used 43538K [0x0000000701200000, 0x0000000800000000)
  region size 2048K, 1 young (2048K), 1 survivors (2048K)
 Metaspace       used 82744K, committed 83392K, reserved 1179648K
  class space    used 10948K, committed 11264K, reserved 1048576K
}
Event: 213.782 GC heap before
{Heap before GC invocations=53 (full 0):
 garbage-first heap   total 192512K, used 156178K [0x0000000701200000, 0x0000000800000000)
  region size 2048K, 56 young (114688K), 1 survivors (2048K)
 Metaspace       used 82744K, committed 83392K, reserved 1179648K
  class space    used 10948K, committed 11264K, reserved 1048576K
}
Event: 213.783 GC heap after
{Heap after GC invocations=54 (full 0):
 garbage-first heap   total 192512K, used 43585K [0x0000000701200000, 0x0000000800000000)
  region size 2048K, 1 young (2048K), 1 survivors (2048K)
 Metaspace       used 82744K, committed 83392K, reserved 1179648K
  class space    used 10948K, committed 11264K, reserved 1048576K
}
Event: 216.960 GC heap before
{Heap before GC invocations=54 (full 0):
 garbage-first heap   total 192512K, used 156225K [0x0000000701200000, 0x0000000800000000)
  region size 2048K, 56 young (114688K), 1 survivors (2048K)
 Metaspace       used 82747K, committed 83392K, reserved 1179648K
  class space    used 10948K, committed 11264K, reserved 1048576K
}
Event: 216.961 GC heap after
{Heap after GC invocations=55 (full 0):
 garbage-first heap   total 192512K, used 43594K [0x0000000701200000, 0x0000000800000000)
  region size 2048K, 1 young (2048K), 1 survivors (2048K)
 Metaspace       used 82747K, committed 83392K, reserved 1179648K
  class space    used 10948K, committed 11264K, reserved 1048576K
}
Event: 220.787 GC heap before
{Heap before GC invocations=55 (full 0):
 garbage-first heap   total 192512K, used 156234K [0x0000000701200000, 0x0000000800000000)
  region size 2048K, 56 young (114688K), 1 survivors (2048K)
 Metaspace       used 82759K, committed 83392K, reserved 1179648K
  class space    used 10948K, committed 11264K, reserved 1048576K
}
Event: 220.787 GC heap after
{Heap after GC invocations=56 (full 0):
 garbage-first heap   total 192512K, used 43541K [0x0000000701200000, 0x0000000800000000)
  region size 2048K, 1 young (2048K), 1 survivors (2048K)
 Metaspace       used 82759K, committed 83392K, reserved 1179648K
  class space    used 10948K, committed 11264K, reserved 1048576K
}
Event: 225.784 GC heap before
{Heap before GC invocations=56 (full 0):
 garbage-first heap   total 192512K, used 156181K [0x0000000701200000, 0x0000000800000000)
  region size 2048K, 56 young (114688K), 1 survivors (2048K)
 Metaspace       used 82776K, committed 83392K, reserved 1179648K
  class space    used 10948K, committed 11264K, reserved 1048576K
}
Event: 225.785 GC heap after
{Heap after GC invocations=57 (full 0):
 garbage-first heap   total 192512K, used 43537K [0x0000000701200000, 0x0000000800000000)
  region size 2048K, 1 young (2048K), 1 survivors (2048K)
 Metaspace       used 82776K, committed 83392K, reserved 1179648K
  class space    used 10948K, committed 11264K, reserved 1048576K
}

Dll operation events (13 events):
Event: 0.010 Loaded shared library C:\Users\USUARIO\AppData\Local\Programs\Eclipse Adoptium\jdk-17.0.8.101-hotspot\bin\java.dll
Event: 0.024 Loaded shared library C:\Users\USUARIO\AppData\Local\Programs\Eclipse Adoptium\jdk-17.0.8.101-hotspot\bin\jsvml.dll
Event: 0.092 Loaded shared library C:\Users\USUARIO\AppData\Local\Programs\Eclipse Adoptium\jdk-17.0.8.101-hotspot\bin\zip.dll
Event: 0.095 Loaded shared library C:\Users\USUARIO\AppData\Local\Programs\Eclipse Adoptium\jdk-17.0.8.101-hotspot\bin\instrument.dll
Event: 0.100 Loaded shared library C:\Users\USUARIO\AppData\Local\Programs\Eclipse Adoptium\jdk-17.0.8.101-hotspot\bin\net.dll
Event: 0.101 Loaded shared library C:\Users\USUARIO\AppData\Local\Programs\Eclipse Adoptium\jdk-17.0.8.101-hotspot\bin\nio.dll
Event: 0.103 Loaded shared library C:\Users\USUARIO\AppData\Local\Programs\Eclipse Adoptium\jdk-17.0.8.101-hotspot\bin\zip.dll
Event: 0.312 Loaded shared library C:\Program Files\JetBrains\IntelliJ IDEA Community Edition 2023.2.2\bin\breakgen64.dll
Event: 0.334 Loaded shared library C:\Users\USUARIO\AppData\Local\Programs\Eclipse Adoptium\jdk-17.0.8.101-hotspot\bin\verify.dll
Event: 0.339 Loaded shared library C:\Users\USUARIO\AppData\Local\Programs\Eclipse Adoptium\jdk-17.0.8.101-hotspot\bin\jimage.dll
Event: 0.595 Loaded shared library C:\Users\USUARIO\AppData\Local\Programs\Eclipse Adoptium\jdk-17.0.8.101-hotspot\bin\management.dll
Event: 0.597 Loaded shared library C:\Users\USUARIO\AppData\Local\Programs\Eclipse Adoptium\jdk-17.0.8.101-hotspot\bin\management_ext.dll
Event: 1.301 Loaded shared library C:\Users\USUARIO\AppData\Local\Programs\Eclipse Adoptium\jdk-17.0.8.101-hotspot\bin\sunmscapi.dll

Deoptimization events (20 events):
Event: 210.183 Thread 0x000002a5de5bcc90 Uncommon trap: trap_request=0xffffff45 fr.pc=0x000002a58832f678 relative=0x00000000000001d8
Event: 210.183 Thread 0x000002a5de5bcc90 Uncommon trap: reason=unstable_if action=reinterpret pc=0x000002a58832f678 method=org.postgresql.core.v3.SimpleQuery.isPreparedFor([IS)Z @ 4 c2
Event: 210.183 Thread 0x000002a5de5bcc90 DEOPT PACKING pc=0x000002a58832f678 sp=0x000000b2826fcdf0
Event: 210.183 Thread 0x000002a5de5bcc90 DEOPT UNPACKING pc=0x000002a5875869a3 sp=0x000000b2826fcd90 mode 2
Event: 213.876 Thread 0x000002a5de5bdbc0 Uncommon trap: trap_request=0xffffff45 fr.pc=0x000002a5884eb0cc relative=0x000000000000164c
Event: 213.876 Thread 0x000002a5de5bdbc0 Uncommon trap: reason=unstable_if action=reinterpret pc=0x000002a5884eb0cc method=sun.nio.ch.WEPollSelectorImpl.processUpdateQueue()V @ 117 c2
Event: 213.876 Thread 0x000002a5de5bdbc0 DEOPT PACKING pc=0x000002a5884eb0cc sp=0x000000b282cfeea0
Event: 213.876 Thread 0x000002a5de5bdbc0 DEOPT UNPACKING pc=0x000002a5875869a3 sp=0x000000b282cfeda8 mode 2
Event: 216.996 Thread 0x000002a5de5bcc90 Uncommon trap: trap_request=0x000000ee fr.pc=0x000002a5885f4fb8 relative=0x0000000000002b38
Event: 216.996 Thread 0x000002a5de5bcc90 Uncommon trap: reason=unloaded action=reinterpret pc=0x000002a5885f4fb8 method=com.zaxxer.hikari.util.ConcurrentBag.requite(Lcom/zaxxer/hikari/util/ConcurrentBag$IConcurrentBagEntry;)V @ 60 c2
Event: 216.996 Thread 0x000002a5de5bcc90 DEOPT PACKING pc=0x000002a5885f4fb8 sp=0x000000b2826fdf80
Event: 216.996 Thread 0x000002a5de5bcc90 DEOPT UNPACKING pc=0x000002a5875869a3 sp=0x000000b2826fdc50 mode 2
Event: 217.001 Thread 0x000002a5de5b99f0 Uncommon trap: trap_request=0xffffff45 fr.pc=0x000002a5888831e0 relative=0x0000000000001080
Event: 217.001 Thread 0x000002a5de5b99f0 Uncommon trap: reason=unstable_if action=reinterpret pc=0x000002a5888831e0 method=java.util.concurrent.ConcurrentLinkedDeque.skipDeletedPredecessors(Ljava/util/concurrent/ConcurrentLinkedDeque$Node;)V @ 33 c2
Event: 217.001 Thread 0x000002a5de5b99f0 DEOPT PACKING pc=0x000002a5888831e0 sp=0x000000b2821fe270
Event: 217.001 Thread 0x000002a5de5b99f0 DEOPT UNPACKING pc=0x000002a5875869a3 sp=0x000000b2821fe1a0 mode 2
Event: 221.338 Thread 0x000002a5de5b99f0 Uncommon trap: trap_request=0xffffff45 fr.pc=0x000002a588856144 relative=0x0000000000000124
Event: 221.338 Thread 0x000002a5de5b99f0 Uncommon trap: reason=unstable_if action=reinterpret pc=0x000002a588856144 method=java.util.concurrent.ConcurrentLinkedDeque.skipDeletedPredecessors(Ljava/util/concurrent/ConcurrentLinkedDeque$Node;)V @ 42 c2
Event: 221.338 Thread 0x000002a5de5b99f0 DEOPT PACKING pc=0x000002a588856144 sp=0x000000b2821fe180
Event: 221.338 Thread 0x000002a5de5b99f0 DEOPT UNPACKING pc=0x000002a5875869a3 sp=0x000000b2821fe120 mode 2

Classes unloaded (0 events):
No events

Classes redefined (0 events):
No events

Internal exceptions (20 events):
Event: 8.107 Thread 0x000002a595925460 Exception <a 'java/lang/NoSuchMethodError'{0x0000000707f92a30}: 'java.lang.Object java.lang.invoke.DirectMethodHandle$Holder.invokeSpecial(java.lang.Object, java.lang.Object, int, java.lang.Object, int, java.lang.Object)'> (0x0000000707f92a30) 
thrown [s\src\hotspot\share\interpreter\linkResolver.cpp, line 759]
Event: 8.107 Thread 0x000002a595925460 Exception <a 'java/lang/NoSuchMethodError'{0x0000000707f9a6e0}: 'java.lang.Object java.lang.invoke.DirectMethodHandle$Holder.newInvokeSpecial(java.lang.Object, java.lang.Object, int, java.lang.Object, int)'> (0x0000000707f9a6e0) 
thrown [s\src\hotspot\share\interpreter\linkResolver.cpp, line 759]
Event: 8.107 Thread 0x000002a595925460 Exception <a 'java/lang/NoSuchMethodError'{0x0000000707f9e798}: 'java.lang.Object java.lang.invoke.DirectMethodHandle$Holder.invokeSpecial(java.lang.Object, java.lang.Object, java.lang.Object, int, java.lang.Object, int)'> (0x0000000707f9e798) 
thrown [s\src\hotspot\share\interpreter\linkResolver.cpp, line 759]
Event: 8.147 Thread 0x000002a595925460 Exception <a 'java/lang/IncompatibleClassChangeError'{0x0000000707677820}: Found class java.lang.Object, but interface was expected> (0x0000000707677820) 
thrown [s\src\hotspot\share\interpreter\linkResolver.cpp, line 826]
Event: 155.161 Thread 0x000002a5959281f0 Exception <a 'java/lang/NoSuchMethodError'{0x0000000711018e60}: 'long java.lang.invoke.DirectMethodHandle$Holder.invokeStatic(java.lang.Object, java.lang.Object, java.lang.Object)'> (0x0000000711018e60) 
thrown [s\src\hotspot\share\interpreter\linkResolver.cpp, line 759]
Event: 173.533 Thread 0x000002a5de5b99f0 Exception <a 'java/lang/NoSuchMethodError'{0x000000070c94b3e0}: 'java.lang.Object java.lang.invoke.DirectMethodHandle$Holder.invokeSpecial(java.lang.Object, java.lang.Object, java.lang.Object, java.lang.Object, java.lang.Object, long)'> (0x000000070c94b3e0) 
thrown [s\src\hotspot\share\interpreter\linkResolver.cpp, line 759]
Event: 173.534 Thread 0x000002a5de5b99f0 Exception <a 'java/lang/NoSuchMethodError'{0x000000070c94edd8}: 'java.lang.Object java.lang.invoke.Invokers$Holder.linkToTargetMethod(java.lang.Object, java.lang.Object, java.lang.Object, long, java.lang.Object)'> (0x000000070c94edd8) 
thrown [s\src\hotspot\share\interpreter\linkResolver.cpp, line 759]
Event: 173.617 Thread 0x000002a5de5b99f0 Exception <a 'java/lang/NoSuchMethodError'{0x000000070c2323b0}: 'java.lang.Object java.lang.invoke.DirectMethodHandle$Holder.invokeInterface(java.lang.Object, java.lang.Object, java.lang.Object, java.lang.Object)'> (0x000000070c2323b0) 
thrown [s\src\hotspot\share\interpreter\linkResolver.cpp, line 759]
Event: 173.682 Thread 0x000002a5de5b99f0 Exception <a 'java/lang/NoSuchMethodError'{0x000000070bf48ff0}: 'void java.lang.invoke.DirectMethodHandle$Holder.invokeSpecialIFC(java.lang.Object, java.lang.Object, int, java.lang.Object, java.lang.Object, java.lang.Object, java.lang.Object)'> (0x000000070bf48ff0) 
thrown [s\src\hotspot\share\interpreter\linkResolver.cpp, line 759]
Event: 173.808 Thread 0x000002a5de5b99f0 Exception <a 'java/lang/NoSuchMethodError'{0x000000070ba520a8}: 'java.lang.Object java.lang.invoke.DirectMethodHandle$Holder.newInvokeSpecial(java.lang.Object, long)'> (0x000000070ba520a8) 
thrown [s\src\hotspot\share\interpreter\linkResolver.cpp, line 759]
Event: 173.810 Thread 0x000002a5de5b99f0 Exception <a 'java/lang/NoSuchMethodError'{0x000000070ba74d80}: 'java.lang.Object java.lang.invoke.DirectMethodHandle$Holder.newInvokeSpecial(java.lang.Object, java.lang.Object, java.lang.Object, long)'> (0x000000070ba74d80) 
thrown [s\src\hotspot\share\interpreter\linkResolver.cpp, line 759]
Event: 173.810 Thread 0x000002a5de5b99f0 Exception <a 'java/lang/NoSuchMethodError'{0x000000070ba79310}: 'java.lang.Object java.lang.invoke.DirectMethodHandle$Holder.invokeSpecial(java.lang.Object, java.lang.Object, java.lang.Object, java.lang.Object, long)'> (0x000000070ba79310) 
thrown [s\src\hotspot\share\interpreter\linkResolver.cpp, line 759]
Event: 173.810 Thread 0x000002a5de5b99f0 Exception <a 'java/lang/NoSuchMethodError'{0x000000070ba7d1f8}: 'java.lang.Object java.lang.invoke.Invokers$Holder.linkToTargetMethod(java.lang.Object, java.lang.Object, long, java.lang.Object)'> (0x000000070ba7d1f8) 
thrown [s\src\hotspot\share\interpreter\linkResolver.cpp, line 759]
Event: 180.004 Thread 0x000002a5de5bb340 Implicit null exception at 0x000002a58815ae31 to 0x000002a58815b1b8
Event: 180.400 Thread 0x000002a5de5bcc90 Implicit null exception at 0x000002a588187cab to 0x000002a588188be8
Event: 182.684 Thread 0x000002a5de5bb340 Implicit null exception at 0x000002a5882ac4d7 to 0x000002a5882ac990
Event: 192.467 Thread 0x000002a5de5bb340 Implicit null exception at 0x000002a5887aec75 to 0x000002a5887aefb4
Event: 192.467 Thread 0x000002a5de5bae30 Implicit null exception at 0x000002a5887aec75 to 0x000002a5887aefb4
Event: 192.469 Thread 0x000002a5de5beaf0 Implicit null exception at 0x000002a5887aec75 to 0x000002a5887aefb4
Event: 192.470 Thread 0x000002a5de5b9f00 Implicit null exception at 0x000002a5887aec75 to 0x000002a5887aefb4

VM Operations (20 events):
Event: 211.691 Executing VM operation: G1CollectForAllocation
Event: 211.692 Executing VM operation: G1CollectForAllocation done
Event: 213.713 Executing VM operation: Cleanup
Event: 213.713 Executing VM operation: Cleanup done
Event: 213.782 Executing VM operation: G1CollectForAllocation
Event: 213.783 Executing VM operation: G1CollectForAllocation done
Event: 214.798 Executing VM operation: Cleanup
Event: 214.798 Executing VM operation: Cleanup done
Event: 216.960 Executing VM operation: G1CollectForAllocation
Event: 216.962 Executing VM operation: G1CollectForAllocation done
Event: 217.966 Executing VM operation: Cleanup
Event: 217.966 Executing VM operation: Cleanup done
Event: 220.787 Executing VM operation: G1CollectForAllocation
Event: 220.787 Executing VM operation: G1CollectForAllocation done
Event: 224.815 Executing VM operation: Cleanup
Event: 224.815 Executing VM operation: Cleanup done
Event: 225.784 Executing VM operation: G1CollectForAllocation
Event: 225.785 Executing VM operation: G1CollectForAllocation done
Event: 227.799 Executing VM operation: Cleanup
Event: 227.799 Executing VM operation: Cleanup done

Events (20 events):
Event: 192.135 Thread 0x000002a5df97b290 Thread added: 0x000002a5df97b290
Event: 192.963 Thread 0x000002a5df97b290 Thread exited: 0x000002a5df97b290
Event: 193.293 Thread 0x000002a5df97ad40 Thread added: 0x000002a5df97ad40
Event: 194.130 Thread 0x000002a5df97ad40 Thread exited: 0x000002a5df97ad40
Event: 194.377 Thread 0x000002a5df978d60 Thread added: 0x000002a5df978d60
Event: 194.485 Thread 0x000002a59588f370 flushing nmethod 0x000002a580209890
Event: 194.490 Thread 0x000002a59588f370 flushing nmethod 0x000002a5808b5210
Event: 194.493 Thread 0x000002a59588f370 flushing nmethod 0x000002a580cdd290
Event: 194.494 Thread 0x000002a59588f370 flushing nmethod 0x000002a580f66590
Event: 194.496 Thread 0x000002a59588f370 flushing nmethod 0x000002a581231990
Event: 195.153 Thread 0x000002a5df978d60 Thread exited: 0x000002a5df978d60
Event: 201.097 Thread 0x000002a5de5b7680 Thread exited: 0x000002a5de5b7680
Event: 201.460 Thread 0x000002a5de5b7680 Thread added: 0x000002a5de5b7680
Event: 206.466 Thread 0x000002a5de5b7680 Thread exited: 0x000002a5de5b7680
Event: 207.286 Thread 0x000002a5de5b7680 Thread added: 0x000002a5de5b7680
Event: 210.520 Thread 0x000002a5df978d60 Thread added: 0x000002a5df978d60
Event: 210.696 Thread 0x000002a5df978d60 Thread exited: 0x000002a5df978d60
Event: 212.298 Thread 0x000002a5de5b7680 Thread exited: 0x000002a5de5b7680
Event: 216.996 Thread 0x000002a5de5b7680 Thread added: 0x000002a5de5b7680
Event: 221.998 Thread 0x000002a5de5b7680 Thread exited: 0x000002a5de5b7680


Dynamic libraries:
0x00007ff795de0000 - 0x00007ff795dee000 	C:\Users\USUARIO\AppData\Local\Programs\Eclipse Adoptium\jdk-17.0.8.101-hotspot\bin\java.exe
0x00007ff96f510000 - 0x00007ff96f727000 	C:\WINDOWS\SYSTEM32\ntdll.dll
0x00007ff96e430000 - 0x00007ff96e4f4000 	C:\WINDOWS\System32\KERNEL32.DLL
0x00007ff96cb20000 - 0x00007ff96cecd000 	C:\WINDOWS\System32\KERNELBASE.dll
0x00007ff96c870000 - 0x00007ff96c981000 	C:\WINDOWS\System32\ucrtbase.dll
0x00007ff9215a0000 - 0x00007ff9215b7000 	C:\Users\USUARIO\AppData\Local\Programs\Eclipse Adoptium\jdk-17.0.8.101-hotspot\bin\jli.dll
0x00007ff92e880000 - 0x00007ff92e899000 	C:\Users\USUARIO\AppData\Local\Programs\Eclipse Adoptium\jdk-17.0.8.101-hotspot\bin\VCRUNTIME140.dll
0x00007ff96e9d0000 - 0x00007ff96eb7e000 	C:\WINDOWS\System32\USER32.dll
0x00007ff96c840000 - 0x00007ff96c866000 	C:\WINDOWS\System32\win32u.dll
0x00007ff96e6b0000 - 0x00007ff96e6d9000 	C:\WINDOWS\System32\GDI32.dll
0x00007ff96ca00000 - 0x00007ff96cb19000 	C:\WINDOWS\System32\gdi32full.dll
0x00007ff96ced0000 - 0x00007ff96cf6a000 	C:\WINDOWS\System32\msvcp_win.dll
0x00007ff945fb0000 - 0x00007ff946243000 	C:\WINDOWS\WinSxS\amd64_microsoft.windows.common-controls_6595b64144ccf1df_6.0.22621.3672_none_2713b9d173822955\COMCTL32.dll
0x00007ff96e530000 - 0x00007ff96e5d7000 	C:\WINDOWS\System32\msvcrt.dll
0x00007ff96e2c0000 - 0x00007ff96e2f1000 	C:\WINDOWS\System32\IMM32.DLL
0x00007ff93daa0000 - 0x00007ff93daac000 	C:\Users\USUARIO\AppData\Local\Programs\Eclipse Adoptium\jdk-17.0.8.101-hotspot\bin\vcruntime140_1.dll
0x00007ff8d57d0000 - 0x00007ff8d5861000 	C:\Users\USUARIO\AppData\Local\Programs\Eclipse Adoptium\jdk-17.0.8.101-hotspot\bin\msvcp140.dll
0x00007ff8d4300000 - 0x00007ff8d4f4c000 	C:\Users\USUARIO\AppData\Local\Programs\Eclipse Adoptium\jdk-17.0.8.101-hotspot\bin\server\jvm.dll
0x00007ff96e910000 - 0x00007ff96e9c2000 	C:\WINDOWS\System32\ADVAPI32.dll
0x00007ff96e5e0000 - 0x00007ff96e689000 	C:\WINDOWS\System32\sechost.dll
0x00007ff96cf70000 - 0x00007ff96cf98000 	C:\WINDOWS\System32\bcrypt.dll
0x00007ff96e300000 - 0x00007ff96e414000 	C:\WINDOWS\System32\RPCRT4.dll
0x00007ff953850000 - 0x00007ff953859000 	C:\WINDOWS\SYSTEM32\WSOCK32.dll
0x00007ff9667c0000 - 0x00007ff9667ca000 	C:\WINDOWS\SYSTEM32\VERSION.dll
0x00007ff96e790000 - 0x00007ff96e801000 	C:\WINDOWS\System32\WS2_32.dll
0x00007ff96c0d0000 - 0x00007ff96c11d000 	C:\WINDOWS\SYSTEM32\POWRPROF.dll
0x00007ff965960000 - 0x00007ff965994000 	C:\WINDOWS\SYSTEM32\WINMM.dll
0x00007ff96c0a0000 - 0x00007ff96c0b3000 	C:\WINDOWS\SYSTEM32\UMPDC.dll
0x00007ff96b830000 - 0x00007ff96b848000 	C:\WINDOWS\SYSTEM32\kernel.appcore.dll
0x00007ff936b70000 - 0x00007ff936b7a000 	C:\Users\USUARIO\AppData\Local\Programs\Eclipse Adoptium\jdk-17.0.8.101-hotspot\bin\jimage.dll
0x00007ff95d300000 - 0x00007ff95d532000 	C:\WINDOWS\SYSTEM32\DBGHELP.DLL
0x00007ff96df30000 - 0x00007ff96e2b8000 	C:\WINDOWS\System32\combase.dll
0x00007ff96ebe0000 - 0x00007ff96ecb7000 	C:\WINDOWS\System32\OLEAUT32.dll
0x00007ff95ccd0000 - 0x00007ff95cd02000 	C:\WINDOWS\SYSTEM32\dbgcore.DLL
0x00007ff96cfa0000 - 0x00007ff96d01b000 	C:\WINDOWS\System32\bcryptPrimitives.dll
0x00007ff9318e0000 - 0x00007ff9318ee000 	C:\Users\USUARIO\AppData\Local\Programs\Eclipse Adoptium\jdk-17.0.8.101-hotspot\bin\instrument.dll
0x00007ff921530000 - 0x00007ff921555000 	C:\Users\USUARIO\AppData\Local\Programs\Eclipse Adoptium\jdk-17.0.8.101-hotspot\bin\java.dll
0x00007ff8d4220000 - 0x00007ff8d42f6000 	C:\Users\USUARIO\AppData\Local\Programs\Eclipse Adoptium\jdk-17.0.8.101-hotspot\bin\jsvml.dll
0x00007ff96d530000 - 0x00007ff96dd8f000 	C:\WINDOWS\System32\SHELL32.dll
0x00007ff96a740000 - 0x00007ff96b03c000 	C:\WINDOWS\SYSTEM32\windows.storage.dll
0x00007ff96a600000 - 0x00007ff96a73f000 	C:\WINDOWS\SYSTEM32\wintypes.dll
0x00007ff96e810000 - 0x00007ff96e904000 	C:\WINDOWS\System32\SHCORE.dll
0x00007ff96eb80000 - 0x00007ff96ebde000 	C:\WINDOWS\System32\shlwapi.dll
0x00007ff96c770000 - 0x00007ff96c791000 	C:\WINDOWS\SYSTEM32\profapi.dll
0x00007ff8d69c0000 - 0x00007ff8d69d8000 	C:\Users\USUARIO\AppData\Local\Programs\Eclipse Adoptium\jdk-17.0.8.101-hotspot\bin\zip.dll
0x00007ff921510000 - 0x00007ff921529000 	C:\Users\USUARIO\AppData\Local\Programs\Eclipse Adoptium\jdk-17.0.8.101-hotspot\bin\net.dll
0x00007ff966570000 - 0x00007ff9666a6000 	C:\WINDOWS\SYSTEM32\WINHTTP.dll
0x00007ff96bc90000 - 0x00007ff96bcf9000 	C:\WINDOWS\system32\mswsock.dll
0x00007ff9214f0000 - 0x00007ff921505000 	C:\Users\USUARIO\AppData\Local\Programs\Eclipse Adoptium\jdk-17.0.8.101-hotspot\bin\nio.dll
0x00007ff8d69a0000 - 0x00007ff8d69ba000 	C:\Program Files\JetBrains\IntelliJ IDEA Community Edition 2023.2.2\bin\breakgen64.dll
0x00007ff92d100000 - 0x00007ff92d110000 	C:\Users\USUARIO\AppData\Local\Programs\Eclipse Adoptium\jdk-17.0.8.101-hotspot\bin\verify.dll
0x00007ff936b10000 - 0x00007ff936b19000 	C:\Users\USUARIO\AppData\Local\Programs\Eclipse Adoptium\jdk-17.0.8.101-hotspot\bin\management.dll
0x00007ff9350a0000 - 0x00007ff9350ab000 	C:\Users\USUARIO\AppData\Local\Programs\Eclipse Adoptium\jdk-17.0.8.101-hotspot\bin\management_ext.dll
0x00007ff96e420000 - 0x00007ff96e428000 	C:\WINDOWS\System32\PSAPI.DLL
0x00007ff934c80000 - 0x00007ff934c8e000 	C:\Users\USUARIO\AppData\Local\Programs\Eclipse Adoptium\jdk-17.0.8.101-hotspot\bin\sunmscapi.dll
0x00007ff96d0e0000 - 0x00007ff96d247000 	C:\WINDOWS\System32\CRYPT32.dll
0x00007ff96c1d0000 - 0x00007ff96c1fe000 	C:\WINDOWS\SYSTEM32\ncrypt.dll
0x00007ff96c190000 - 0x00007ff96c1c7000 	C:\WINDOWS\SYSTEM32\NTASN1.dll
0x00007ff96c050000 - 0x00007ff96c06b000 	C:\WINDOWS\SYSTEM32\CRYPTSP.dll
0x00007ff96b790000 - 0x00007ff96b7c5000 	C:\WINDOWS\system32\rsaenh.dll
0x00007ff96bd30000 - 0x00007ff96bd58000 	C:\WINDOWS\SYSTEM32\USERENV.dll
0x00007ff96bfc0000 - 0x00007ff96bfcc000 	C:\WINDOWS\SYSTEM32\CRYPTBASE.dll
0x00007ff96b2a0000 - 0x00007ff96b2cd000 	C:\WINDOWS\SYSTEM32\IPHLPAPI.DLL
0x00007ff96e520000 - 0x00007ff96e529000 	C:\WINDOWS\System32\NSI.dll
0x00007ff9661b0000 - 0x00007ff9661c9000 	C:\WINDOWS\SYSTEM32\dhcpcsvc6.DLL
0x00007ff9660f0000 - 0x00007ff96610f000 	C:\WINDOWS\SYSTEM32\dhcpcsvc.DLL
0x00007ff96b310000 - 0x00007ff96b408000 	C:\WINDOWS\SYSTEM32\DNSAPI.dll
0x00007ff963e90000 - 0x00007ff963e9a000 	C:\Windows\System32\rasadhlp.dll
0x00007ff9658d0000 - 0x00007ff965953000 	C:\WINDOWS\System32\fwpuclnt.dll
0x00007ff9640d0000 - 0x00007ff9640d8000 	C:\WINDOWS\system32\wshunix.dll

dbghelp: loaded successfully - version: 4.0.5 - missing functions: none
symbol engine: initialized successfully - sym options: 0x614 - pdb path: .;C:\Users\USUARIO\AppData\Local\Programs\Eclipse Adoptium\jdk-17.0.8.101-hotspot\bin;C:\WINDOWS\SYSTEM32;C:\WINDOWS\WinSxS\amd64_microsoft.windows.common-controls_6595b64144ccf1df_6.0.22621.3672_none_2713b9d173822955;C:\Users\USUARIO\AppData\Local\Programs\Eclipse Adoptium\jdk-17.0.8.101-hotspot\bin\server;C:\Program Files\JetBrains\IntelliJ IDEA Community Edition 2023.2.2\bin

VM Arguments:
jvm_args: -javaagent:C:\Program Files\JetBrains\IntelliJ IDEA Community Edition 2023.2.2\lib\idea_rt.jar=49236:C:\Program Files\JetBrains\IntelliJ IDEA Community Edition 2023.2.2\bin -Dfile.encoding=UTF-8 
java_command: com.mateco.reportgenerator.ReportGeneratorApplication
java_class_path (initial): C:\Users\USUARIO\Desktop\Java_Kotlin_projects\report-generator\backend\target\classes;C:\Users\USUARIO\.m2\repository\org\springframework\boot\spring-boot-starter-actuator\3.2.0\spring-boot-starter-actuator-3.2.0.jar;C:\Users\USUARIO\.m2\repository\org\springframework\boot\spring-boot-starter\3.2.0\spring-boot-starter-3.2.0.jar;C:\Users\USUARIO\.m2\repository\org\springframework\boot\spring-boot-starter-logging\3.2.0\spring-boot-starter-logging-3.2.0.jar;C:\Users\USUARIO\.m2\repository\ch\qos\logback\logback-classic\1.4.11\logback-classic-1.4.11.jar;C:\Users\USUARIO\.m2\repository\ch\qos\logback\logback-core\1.4.11\logback-core-1.4.11.jar;C:\Users\USUARIO\.m2\repository\org\apache\logging\log4j\log4j-to-slf4j\2.21.1\log4j-to-slf4j-2.21.1.jar;C:\Users\USUARIO\.m2\repository\org\slf4j\jul-to-slf4j\2.0.9\jul-to-slf4j-2.0.9.jar;C:\Users\USUARIO\.m2\repository\jakarta\annotation\jakarta.annotation-api\2.1.1\jakarta.annotation-api-2.1.1.jar;C:\Users\USUARIO\.m2\repository\org\yaml\snakeyaml\2.2\snakeyaml-2.2.jar;C:\Users\USUARIO\.m2\repository\org\springframework\boot\spring-boot-actuator-autoconfigure\3.2.0\spring-boot-actuator-autoconfigure-3.2.0.jar;C:\Users\USUARIO\.m2\repository\org\springframework\boot\spring-boot-actuator\3.2.0\spring-boot-actuator-3.2.0.jar;C:\Users\USUARIO\.m2\repository\com\fasterxml\jackson\core\jackson-databind\2.15.3\jackson-databind-2.15.3.jar;C:\Users\USUARIO\.m2\repository\com\fasterxml\jackson\core\jackson-annotations\2.15.3\jackson-annotations-2.15.3.jar;C:\Users\USUARIO\.m2\repository\com\fasterxml\jackson\core\jackson-core\2.15.3\jackson-core-2.15.3.jar;C:\Users\USUARIO\.m2\repository\com\fasterxml\jackson\datatype\jackson-datatype-jsr310\2.15.3\jackson-datatype-jsr310-2.15.3.jar;C:\Users\USUARIO\.m2\repository\io\micrometer\micrometer-observation\1.12.0\micrometer-observation-1.12.0.jar;C:\Users\USUARIO\.m2\repository\io\micrometer\micrometer-commons\1.12.0\micrometer-commons-1.12.0.jar;C:\Users\USUARIO\.m
Launcher Type: SUN_STANDARD

[Global flags]
     intx CICompilerCount                          = 3                                         {product} {ergonomic}
     uint ConcGCThreads                            = 2                                         {product} {ergonomic}
     uint G1ConcRefinementThreads                  = 6                                         {product} {ergonomic}
   size_t G1HeapRegionSize                         = 2097152                                   {product} {ergonomic}
    uintx GCDrainStackTargetSize                   = 64                                        {product} {ergonomic}
   size_t InitialHeapSize                          = 268435456                                 {product} {ergonomic}
   size_t MarkStackSize                            = 4194304                                   {product} {ergonomic}
   size_t MaxHeapSize                              = 4276092928                                {product} {ergonomic}
   size_t MaxNewSize                               = 2564816896                                {product} {ergonomic}
   size_t MinHeapDeltaBytes                        = 2097152                                   {product} {ergonomic}
   size_t MinHeapSize                              = 8388608                                   {product} {ergonomic}
    uintx NonNMethodCodeHeapSize                   = 5832780                                {pd product} {ergonomic}
    uintx NonProfiledCodeHeapSize                  = 122912730                              {pd product} {ergonomic}
    uintx ProfiledCodeHeapSize                     = 122912730                              {pd product} {ergonomic}
    uintx ReservedCodeCacheSize                    = 251658240                              {pd product} {ergonomic}
     bool SegmentedCodeCache                       = true                                      {product} {ergonomic}
   size_t SoftMaxHeapSize                          = 4276092928                             {manageable} {ergonomic}
     bool UseCompressedClassPointers               = true                           {product lp64_product} {ergonomic}
     bool UseCompressedOops                        = true                           {product lp64_product} {ergonomic}
     bool UseG1GC                                  = true                                      {product} {ergonomic}
     bool UseLargePagesIndividualAllocation        = false                                  {pd product} {ergonomic}

Logging:
Log output configuration:
 #0: stdout all=warning uptime,level,tags
 #1: stderr all=off uptime,level,tags

Environment Variables:
JAVA_HOME=C:\Users\USUARIO\AppData\Local\Programs\Eclipse Adoptium\jdk-17.0.8.101-hotspot\
PATH=C:\Windows\system32;C:\Windows;C:\Windows\System32\Wbem;C:\Windows\System32\WindowsPowerShell\v1.0\;C:\Windows\System32\OpenSSH\;C:\Program Files (x86)\NVIDIA Corporation\PhysX\Common;C:\Program Files\NVIDIA Corporation\NVIDIA NvDLISR;C:\Program Files\nodejs\;C:\WINDOWS\system32;C:\WINDOWS;C:\WINDOWS\System32\Wbem;C:\WINDOWS\System32\WindowsPowerShell\v1.0\;C:\WINDOWS\System32\OpenSSH\;C:\Maven\bin;C:\Program Files\Docker\Docker\resources\bin;C:\Program Files\PowerShell\7-preview\preview;C:\Program Files\PowerShell\7\;C:\Program Files\Git\cmd;C:\Users\USUARIO\.console-ninja\.bin;C:\Users\USUARIO\AppData\Local\Programs\Eclipse Adoptium\jdk-17.0.8.101-hotspot\bin;C:\Users\USUARIO\AppData\Local\Microsoft\WindowsApps;C:\Users\USUARIO\AppData\Local\Programs\Microsoft VS Code\bin;C:\Users\USUARIO\AppData\Roaming\npm;C:\Users\USUARIO\AppData\Local\gitkraken\bin
USERNAME=USUARIO
OS=Windows_NT
PROCESSOR_IDENTIFIER=AMD64 Family 23 Model 113 Stepping 0, AuthenticAMD
TMP=C:\Users\USUARIO\AppData\Local\Temp
TEMP=C:\Users\USUARIO\AppData\Local\Temp



---------------  S Y S T E M  ---------------

OS:
 Windows 11 , 64 bit Build 22621 (10.0.22621.3672)
OS uptime: 6 days 12:34 hours
Hyper-V role detected

CPU: total 6 (initial active 6) (6 cores per cpu, 1 threads per core) family 23 model 113 stepping 0 microcode 0x0, cx8, cmov, fxsr, mmx, 3dnowpref, sse, sse2, sse3, ssse3, sse4a, sse4.1, sse4.2, popcnt, lzcnt, tsc, tscinvbit, avx, avx2, aes, clmul, bmi1, bmi2, adx, sha, fma, vzeroupper, clflush, clflushopt, hv
Processor Information for all 6 processors :
  Max Mhz: 3600, Current Mhz: 3600, Mhz Limit: 3600

Memory: 4k page, system-wide physical 16306M (768M free)
TotalPageFile size 65458M (AvailPageFile size 5M)
current process WorkingSet (physical memory assigned to process): 399M, peak: 444M
current process commit charge ("private bytes"): 434M, peak: 480M

vm_info: OpenJDK 64-Bit Server VM (17.0.8.1+1) for windows-amd64 JRE (17.0.8.1+1), built on Aug 23 2023 15:29:17 by "admin" with MS VC++ 16.7 (VS2019)

END.
